<?xml version="1.0" encoding="UTF-8"?>
<testsuite xmlns:xsi="http://www.w3.org/2001/XMLSchema-instance" xsi:noNamespaceSchemaLocation="https://maven.apache.org/surefire/maven-surefire-plugin/xsd/surefire-test-report.xsd" name="ru.yandex.sprint_3.TestCreateAndDeleteCourier" time="10.351" tests="2" errors="0" skipped="0" failures="0">
  <properties>
[...]
</properties>
  <testcase name="deleteCourierIdShouldReturnStatus_200_ok" classname="ru.yandex.sprint_3.TestCreateAndDeleteCourier" time="9.904"/>
  <testcase name="validCreateCourierShouldReturnStatus_201_ok" classname="ru.yandex.sprint_3.TestCreateAndDeleteCourier" time="0.33"/>
</testsuite>